<?xml version="1.0" encoding="UTF-8"?>
<testng-results skipped="0" failed="0" ignored="0" total="2" passed="2">
  <reporter-output>
  </reporter-output>
  <suite name="Default suite" duration-ms="36440" started-at="2020-03-03T13:21:10Z" finished-at="2020-03-03T13:21:46Z">
    <groups>
    </groups>
    <test name="Default test" duration-ms="36440" started-at="2020-03-03T13:21:10Z" finished-at="2020-03-03T13:21:46Z">
      <class name="testcases.SecurePay">
        <test-method status="PASS" signature="setUp()[pri:0, instance:testcases.SecurePay@2d4f1ddd]" name="setUp" is-config="true" duration-ms="11334" started-at="2020-03-03T13:21:10Z" finished-at="2020-03-03T13:21:21Z">
          <reporter-output>
          </reporter-output>
        </test-method> <!-- setUp -->
        <test-method status="PASS" signature="searchAndClick()[pri:1, instance:testcases.SecurePay@2d4f1ddd]" name="searchAndClick" duration-ms="21499" started-at="2020-03-03T13:21:21Z" finished-at="2020-03-03T13:21:43Z">
          <reporter-output>
          </reporter-output>
        </test-method> <!-- searchAndClick -->
        <test-method status="PASS" signature="validateContactUsForm()[pri:2, instance:testcases.SecurePay@2d4f1ddd]" name="validateContactUsForm" duration-ms="2346" started-at="2020-03-03T13:21:43Z" finished-at="2020-03-03T13:21:45Z">
          <reporter-output>
          </reporter-output>
        </test-method> <!-- validateContactUsForm -->
        <test-method status="PASS" signature="tearDown()[pri:0, instance:testcases.SecurePay@2d4f1ddd]" name="tearDown" is-config="true" duration-ms="1124" started-at="2020-03-03T13:21:45Z" finished-at="2020-03-03T13:21:46Z">
          <reporter-output>
          </reporter-output>
        </test-method> <!-- tearDown -->
      </class> <!-- testcases.SecurePay -->
    </test> <!-- Default test -->
  </suite> <!-- Default suite -->
</testng-results>
